<?xml version="1.0" encoding="UTF-8"?>
<testng-results skipped="0" failed="0" ignored="0" total="2" passed="2">
  <reporter-output>
  </reporter-output>
  <suite name="Suite" duration-ms="33304" started-at="2018-10-28T18:04:33Z" finished-at="2018-10-28T18:05:06Z">
    <groups>
    </groups>
    <test name="Test" duration-ms="33304" started-at="2018-10-28T18:04:33Z" finished-at="2018-10-28T18:05:06Z">
      <class name="scripts.TestValidLogin">
        <test-method status="PASS" signature="openApplication()[pri:0, instance:scripts.TestValidLogin@6500df86]" name="openApplication" is-config="true" duration-ms="13795" started-at="2018-10-28T23:34:33Z" finished-at="2018-10-28T23:34:47Z">
          <reporter-output>
          </reporter-output>
        </test-method> <!-- openApplication -->
        <test-method status="PASS" signature="testValidLogin()[pri:0, instance:scripts.TestValidLogin@6500df86]" name="testValidLogin" duration-ms="5763" started-at="2018-10-28T23:34:47Z" finished-at="2018-10-28T23:34:53Z">
          <reporter-output>
          </reporter-output>
        </test-method> <!-- testValidLogin -->
        <test-method status="PASS" signature="closeApplication(org.testng.ITestResult)[pri:0, instance:scripts.TestValidLogin@6500df86]" name="closeApplication" is-config="true" duration-ms="2105" started-at="2018-10-28T23:34:53Z" finished-at="2018-10-28T23:34:55Z">
          <params>
            <param index="0">
              <value>
                <![CDATA[[TestResult name=testValidLogin status=SUCCESS method=TestValidLogin.testValidLogin()[pri:0, instance:scripts.TestValidLogin@6500df86] output={null}]]]>
              </value>
            </param>
          </params>
          <reporter-output>
          </reporter-output>
        </test-method> <!-- closeApplication -->
      </class> <!-- scripts.TestValidLogin -->
      <class name="scripts.TestInvalidLogin">
        <test-method status="PASS" signature="openApplication()[pri:0, instance:scripts.TestInvalidLogin@402a079c]" name="openApplication" is-config="true" duration-ms="5476" started-at="2018-10-28T23:34:55Z" finished-at="2018-10-28T23:35:00Z">
          <reporter-output>
          </reporter-output>
        </test-method> <!-- openApplication -->
        <test-method status="PASS" signature="testInvalidLogin()[pri:0, instance:scripts.TestInvalidLogin@402a079c]" name="testInvalidLogin" duration-ms="4665" started-at="2018-10-28T23:35:00Z" finished-at="2018-10-28T23:35:05Z">
          <reporter-output>
          </reporter-output>
        </test-method> <!-- testInvalidLogin -->
        <test-method status="PASS" signature="closeApplication(org.testng.ITestResult)[pri:0, instance:scripts.TestInvalidLogin@402a079c]" name="closeApplication" is-config="true" duration-ms="1461" started-at="2018-10-28T23:35:05Z" finished-at="2018-10-28T23:35:06Z">
          <params>
            <param index="0">
              <value>
                <![CDATA[[TestResult name=testInvalidLogin status=SUCCESS method=TestInvalidLogin.testInvalidLogin()[pri:0, instance:scripts.TestInvalidLogin@402a079c] output={null}]]]>
              </value>
            </param>
          </params>
          <reporter-output>
          </reporter-output>
        </test-method> <!-- closeApplication -->
      </class> <!-- scripts.TestInvalidLogin -->
    </test> <!-- Test -->
  </suite> <!-- Suite -->
</testng-results>
